DB 경로: D:\project\gamedev\scs\sqlite.db
unlockRequirement 컬럼을 추가했습니다.
던전 개수: 20
D2. 사막 → D1. 마법의 숲 100회 클리어
D3. 영원한 전장 → D2. 사막 100회 클리어
D4. 황금 도시 → D3. 영원한 전장 100회 클리어
D5. 블랙워터 항구 → D4. 황금 도시 100회 클리어
D6. 얼어붙는 봉우리 → D5. 블랙워터 항구 100회 클리어
D7. 흑요석 광산 → D6. 얼어붙는 봉우리 100회 클리어
D8. 남부 숲 → D7. 흑요석 광산 100회 클리어
D9. 메마른 황무지 → D8. 남부 숲 100회 클리어
D10. 숨겨진 도시, 라록스 → D9. 메마른 황무지 100회 클리어
D11. 잊혀진 대지 → D10. 숨겨진 도시, 라록스 100회 클리어
R1. 슬라임 연못 → D11. 잊혀진 대지 100회 클리어
R2. [E]신성한 고고학 → R1. 슬라임 연못 100회 클리어
R3. 고대 무덤 발굴 → R2. [E]신성한 고고학 100회 클리어
R4. [E]제국 구조 → R3. 고대 무덤 발굴 100회 클리어
R5. 광신도의 반란 → R4. [E]제국 구조 100회 클리어
R6. [E]끔찍한 상승 → R5. 광신도의 반란 100회 클리어
R7. 실종된 탐험대 → R6. [E]끔찍한 상승 100회 클리어
R8. [E]천상의 모선 → R7. 실종된 탐험대 100회 클리어
R9. [E]무서운 하강 → R8. [E]천상의 모선 100회 클리어
D1. 마법의 숲 → 해금 조건 없음
던전 해금 조건 일괄 적용 완료!
